[SHIRTS] Initializing shirts system for home=8829, away=20632 Virtual-Soccer-Strength-Analyzer.user.js:10647:17
[SHIRTS] Getting shirts for team 8829 Virtual-Soccer-Strength-Analyzer.user.js:9859:17
[SHIRTS] Cache hit for team 8829, age: 1 minutes Virtual-Soccer-Strength-Analyzer.user.js:5358:25
[SHIRTS] Getting shirts for team 20632 Virtual-Soccer-Strength-Analyzer.user.js:9859:17
[SHIRTS] Cache hit for team 20632, age: 1 minutes Virtual-Soccer-Strength-Analyzer.user.js:5358:25
[SHIRTS] Successfully loaded shirts: 
Object { homeShirts: {…}, awayShirts: {…} }
Virtual-Soccer-Strength-Analyzer.user.js:10676:21
[SHIRTS] Displaying shirts: 
Object { homeShirts: {…}, awayShirts: {…} }
Virtual-Soccer-Strength-Analyzer.user.js:10525:17
[SHIRTS] Created new shirts container Virtual-Soccer-Strength-Analyzer.user.js:10541:21
[Shirts] Generated positions 
Object { homeFormation: "4-4-2", awayFormation: "4-4-2", homePositions: (11) […], awayPositions: (11) […], homeCoords: 11, awayCoords: 11 }
Virtual-Soccer-Strength-Analyzer.user.js:10570:17
[SHIRTS] Refresh button clicked Virtual-Soccer-Strength-Analyzer.user.js:11821:21
[SHIRTS] Clearing cache for teams: 8829 20632 Virtual-Soccer-Strength-Analyzer.user.js:11822:21
[SHIRTS] Cache keys: 
Object { homeKey: "vs_shirts_8829", awayKey: "vs_shirts_20632" }
Virtual-Soccer-Strength-Analyzer.user.js:11829:25
[SHIRTS] Before clear - home cache: exists Virtual-Soccer-Strength-Analyzer.user.js:11830:25
[SHIRTS] Before clear - away cache: exists Virtual-Soccer-Strength-Analyzer.user.js:11831:25
[SHIRTS] After clear - home cache: cleared Virtual-Soccer-Strength-Analyzer.user.js:11836:25
[SHIRTS] After clear - away cache: cleared Virtual-Soccer-Strength-Analyzer.user.js:11837:25
[SHIRTS] Re-initializing shirts system... Virtual-Soccer-Strength-Analyzer.user.js:11840:25
[SHIRTS] Initializing shirts system for home=8829, away=20632 Virtual-Soccer-Strength-Analyzer.user.js:10647:17
[SHIRTS] Getting shirts for team 8829 Virtual-Soccer-Strength-Analyzer.user.js:9859:17
[SHIRTS] No cache found for team 8829 Virtual-Soccer-Strength-Analyzer.user.js:5365:21
[SHIRTS] Fetching fresh shirts for team 8829 Virtual-Soccer-Strength-Analyzer.user.js:9867:17
[SHIRTS] Loading match list for team 8829, preferHome=true Virtual-Soccer-Strength-Analyzer.user.js:9554:21
[SHIRTS] Getting shirts for team 20632 Virtual-Soccer-Strength-Analyzer.user.js:9859:17
[SHIRTS] No cache found for team 20632 Virtual-Soccer-Strength-Analyzer.user.js:5365:21
[SHIRTS] Fetching fresh shirts for team 20632 Virtual-Soccer-Strength-Analyzer.user.js:9867:17
[SHIRTS] Loading match list for team 20632, preferHome=true Virtual-Soccer-Strength-Analyzer.user.js:9554:21
[SHIRTS] Found 96 match links Virtual-Soccer-Strength-Analyzer.user.js:9571:33
[SHIRTS] Match #1: 
Object { day: "25478", matchId: "294625", isHome: false, scoreText: "" }
 rowText: 
8 фев 2026
вс
Кубок Сев. Америки
4 тур
?
Г
117%
  Прайд оф Голл Хилл (Барбадос)


?:?


Virtual-Soccer-Strength-Analyzer.user.js:9621:45
[SHIRTS] Match #2: 
Object { day: "25478", matchId: "294625", isHome: false, scoreText: "" }
 rowText: 
8 фев 2026
вс
Кубок Сев. Америки
4 тур
?
Г
117%
  Прайд оф Голл Хилл (Барбадос)


?:?


Virtual-Soccer-Strength-Analyzer.user.js:9621:45
[SHIRTS] Match #3: 
Object { day: "25467", matchId: "60701", isHome: false, scoreText: "2:0" }
 rowText: 
6 фев 2026
пт
Амер. Виргины, D1
12 тур
В
Д
87%
 Реймикс


2:0
2- Virtual-Soccer-Strength-Analyzer.user.js:9621:45
[SHIRTS] Found 70 played matches Virtual-Soccer-Strength-Analyzer.user.js:9626:33
[SHIRTS] No home match found, using last match Virtual-Soccer-Strength-Analyzer.user.js:9637:45
[SHIRTS] Selected last match: day=25478, matchId=294625, isHome=false, score= Virtual-Soccer-Strength-Analyzer.user.js:9643:37
[SHIRTS] Found match for team 20632: day=25478, matchId=294625, isHome=false Virtual-Soccer-Strength-Analyzer.user.js:9877:21
[SHIRTS] Found 82 match links Virtual-Soccer-Strength-Analyzer.user.js:9571:33
[SHIRTS] Match #1: 
Object { day: "25478", matchId: "294625", isHome: false, scoreText: "" }
 rowText: 
8 фев 2026
вс
Кубок Сев. Америки
4 тур
?
Д
86%
  Нью Вайбс (Амер. Виргины)


?:?


Virtual-Soccer-Strength-Analyzer.user.js:9621:45
[SHIRTS] Match #2: 
Object { day: "25478", matchId: "294625", isHome: false, scoreText: "" }
 rowText: 
8 фев 2026
вс
Кубок Сев. Америки
4 тур
?
Д
86%
  Нью Вайбс (Амер. Виргины)


?:?


Virtual-Soccer-Strength-Analyzer.user.js:9621:45
[SHIRTS] Match #3: 
Object { day: "25467", matchId: "61004", isHome: false, scoreText: "4:0" }
 rowText: 
6 фев 2026
пт
Барбадос, D1
12 тур
В
Д
66%
Блэк Спёрс (Блэк Рок)о


4:0
1- Virtual-Soccer-Strength-Analyzer.user.js:9621:45
[SHIRTS] Found 55 played matches Virtual-Soccer-Strength-Analyzer.user.js:9626:33
[SHIRTS] No home match found, using last match Virtual-Soccer-Strength-Analyzer.user.js:9637:45
[SHIRTS] Selected last match: day=25478, matchId=294625, isHome=false, score= Virtual-Soccer-Strength-Analyzer.user.js:9643:37
[SHIRTS] Found match for team 8829: day=25478, matchId=294625, isHome=false Virtual-Soccer-Strength-Analyzer.user.js:9877:21
[SHIRTS] Found 2 team links in match page Virtual-Soccer-Strength-Analyzer.user.js:9681:33
[SHIRTS] Match teams: home=8829, away=20632, looking for=20632, isHome=false Virtual-Soccer-Strength-Analyzer.user.js:9687:37
[SHIRTS] Using prefix: gif_1_ (isHome=false) Virtual-Soccer-Strength-Analyzer.user.js:9694:33
[SHIRTS] Trying selector: div.shirt.qf[id^="gif_1_"], found: 0 Virtual-Soccer-Strength-Analyzer.user.js:9699:33
[SHIRTS] Trying selector: div.shirt[id^="gif_1_"], found: 0 Virtual-Soccer-Strength-Analyzer.user.js:9704:37
[SHIRTS] Trying selector: div[id^="gif_1_"], found: 0 Virtual-Soccer-Strength-Analyzer.user.js:9710:37
[SHIRTS] Found 0 div.shirt elements total Virtual-Soccer-Strength-Analyzer.user.js:9716:37
[SHIRTS] Found 53 div elements total Virtual-Soccer-Strength-Analyzer.user.js:9721:41
[SHIRTS] Found 4 table.tobl elements Virtual-Soccer-Strength-Analyzer.user.js:9725:41
[SHIRTS] Found 0 divs with 'gif' in id Virtual-Soccer-Strength-Analyzer.user.js:9729:41
[SHIRTS] Falling back to regex parsing of raw HTML Virtual-Soccer-Strength-Analyzer.user.js:9794:37
[SHIRTS] HTML length: 40382, searching for prefix: gif_1_ Virtual-Soccer-Strength-Analyzer.user.js:9797:37
[SHIRTS] Regex found 0 matches Virtual-Soccer-Strength-Analyzer.user.js:9803:37
[SHIRTS] Found 0 occurrences of "gif_1_" in HTML Virtual-Soccer-Strength-Analyzer.user.js:9830:41
[SHIRTS] Fetched shirts for team 20632: 
Object {  }
Virtual-Soccer-Strength-Analyzer.user.js:9882:21
[SHIRTS] No GK shirt found, using default Virtual-Soccer-Strength-Analyzer.user.js:9886:25
[SHIRTS] No field shirt found, using default Virtual-Soccer-Strength-Analyzer.user.js:9890:25
[SHIRTS] Cached shirts for team 20632: 
Object { gk: "pics/shirts/sh_4_sm.png", field: "pics/shirts/sh_4_sm.png" }
Virtual-Soccer-Strength-Analyzer.user.js:5379:17
[SHIRTS] Found 2 team links in match page Virtual-Soccer-Strength-Analyzer.user.js:9681:33
[SHIRTS] Match teams: home=8829, away=20632, looking for=8829, isHome=true Virtual-Soccer-Strength-Analyzer.user.js:9687:37
[SHIRTS] Using prefix: gif_0_ (isHome=true) Virtual-Soccer-Strength-Analyzer.user.js:9694:33
[SHIRTS] Trying selector: div.shirt.qf[id^="gif_0_"], found: 0 Virtual-Soccer-Strength-Analyzer.user.js:9699:33
[SHIRTS] Trying selector: div.shirt[id^="gif_0_"], found: 0 Virtual-Soccer-Strength-Analyzer.user.js:9704:37
[SHIRTS] Trying selector: div[id^="gif_0_"], found: 0 Virtual-Soccer-Strength-Analyzer.user.js:9710:37
[SHIRTS] Found 0 div.shirt elements total Virtual-Soccer-Strength-Analyzer.user.js:9716:37
[SHIRTS] Found 53 div elements total Virtual-Soccer-Strength-Analyzer.user.js:9721:41
[SHIRTS] Found 4 table.tobl elements Virtual-Soccer-Strength-Analyzer.user.js:9725:41
[SHIRTS] Found 0 divs with 'gif' in id Virtual-Soccer-Strength-Analyzer.user.js:9729:41
[SHIRTS] Falling back to regex parsing of raw HTML Virtual-Soccer-Strength-Analyzer.user.js:9794:37
[SHIRTS] HTML length: 40382, searching for prefix: gif_0_ Virtual-Soccer-Strength-Analyzer.user.js:9797:37
[SHIRTS] Regex found 0 matches Virtual-Soccer-Strength-Analyzer.user.js:9803:37
[SHIRTS] Found 0 occurrences of "gif_0_" in HTML Virtual-Soccer-Strength-Analyzer.user.js:9830:41
[SHIRTS] Fetched shirts for team 8829: 
Object {  }
Virtual-Soccer-Strength-Analyzer.user.js:9882:21
[SHIRTS] No GK shirt found, using default Virtual-Soccer-Strength-Analyzer.user.js:9886:25
[SHIRTS] No field shirt found, using default Virtual-Soccer-Strength-Analyzer.user.js:9890:25
[SHIRTS] Cached shirts for team 8829: 
Object { gk: "pics/shirts/sh_4_sm.png", field: "pics/shirts/sh_4_sm.png" }
Virtual-Soccer-Strength-Analyzer.user.js:5379:17
[SHIRTS] Successfully loaded shirts: 
Object { homeShirts: {…}, awayShirts: {…} }
Virtual-Soccer-Strength-Analyzer.user.js:10676:21
[SHIRTS] Displaying shirts: 
Object { homeShirts: {…}, awayShirts: {…} }
Virtual-Soccer-Strength-Analyzer.user.js:10525:17
[SHIRTS] Cleared existing shirts container Virtual-Soccer-Strength-Analyzer.user.js:10544:21
[Shirts] Generated positions 
Object { homeFormation: "4-4-2", awayFormation: "4-4-2", homePositions: (11) […], awayPositions: (11) […], homeCoords: 11, awayCoords: 11 }
Virtual-Soccer-Strength-Analyzer.user.js:10570:17
[SHIRTS] Refresh completed successfully Virtual-Soccer-Strength-Analyzer.user.js:11843:25
